C:\USERS\ZAWODOWIEC\DESKTOP\OTIBIA\OTSERV\VC10\RELEASE\OTSERV.PCH
C:\USERS\ZAWODOWIEC\DESKTOP\OTIBIA\OTSERV\VC10\RELEASE\OTPCH.OBJ
C:\USERS\ZAWODOWIEC\DESKTOP\OTIBIA\OTSERV\VC10\RELEASE\VC110.PDB
C:\USERS\ZAWODOWIEC\DESKTOP\OTIBIA\OTSERV\VC10\RELEASE\ALLOCATOR.OBJ
C:\USERS\ZAWODOWIEC\DESKTOP\OTIBIA\OTSERV\VC10\RELEASE\BASEEVENTS.OBJ
C:\USERS\ZAWODOWIEC\DESKTOP\OTIBIA\OTSERV\VC10\RELEASE\BAN.OBJ
C:\USERS\ZAWODOWIEC\DESKTOP\OTIBIA\OTSERV\VC10\RELEASE\BEDS.OBJ
C:\USERS\ZAWODOWIEC\DESKTOP\OTIBIA\OTSERV\VC10\RELEASE\CONDITION.OBJ
C:\USERS\ZAWODOWIEC\DESKTOP\OTIBIA\OTSERV\VC10\RELEASE\CYLINDER.OBJ
C:\USERS\ZAWODOWIEC\DESKTOP\OTIBIA\OTSERV\VC10\RELEASE\DATABASE.OBJ
C:\USERS\ZAWODOWIEC\DESKTOP\OTIBIA\OTSERV\VC10\RELEASE\DATABASEMYSQL.OBJ
C:\USERS\ZAWODOWIEC\DESKTOP\OTIBIA\OTSERV\VC10\RELEASE\DATABASEODBC.OBJ
C:\USERS\ZAWODOWIEC\DESKTOP\OTIBIA\OTSERV\VC10\RELEASE\DATABASEPGSQL.OBJ
C:\USERS\ZAWODOWIEC\DESKTOP\OTIBIA\OTSERV\VC10\RELEASE\DATABASESQLITE.OBJ
C:\USERS\ZAWODOWIEC\DESKTOP\OTIBIA\OTSERV\VC10\RELEASE\DEPOT.OBJ
C:\USERS\ZAWODOWIEC\DESKTOP\OTIBIA\OTSERV\VC10\RELEASE\GLOBALEVENT.OBJ
C:\USERS\ZAWODOWIEC\DESKTOP\OTIBIA\OTSERV\VC10\RELEASE\HOUSETILE.OBJ
C:\USERS\ZAWODOWIEC\DESKTOP\OTIBIA\OTSERV\VC10\RELEASE\CHAT.OBJ
C:\USERS\ZAWODOWIEC\DESKTOP\OTIBIA\OTSERV\VC10\RELEASE\COMBAT.OBJ
C:\USERS\ZAWODOWIEC\DESKTOP\OTIBIA\OTSERV\VC10\RELEASE\CREATURE.OBJ
C:\USERS\ZAWODOWIEC\DESKTOP\OTIBIA\OTSERV\VC10\RELEASE\HOUSE.OBJ
C:\USERS\ZAWODOWIEC\DESKTOP\OTIBIA\OTSERV\VC10\RELEASE\ADMIN.OBJ
C:\USERS\ZAWODOWIEC\DESKTOP\OTIBIA\OTSERV\VC10\RELEASE\CONFIGMANAGER.OBJ
C:\USERS\ZAWODOWIEC\DESKTOP\OTIBIA\OTSERV\VC10\RELEASE\CONNECTION.OBJ
C:\USERS\ZAWODOWIEC\DESKTOP\OTIBIA\OTSERV\VC10\RELEASE\CREATUREEVENT.OBJ
C:\USERS\ZAWODOWIEC\DESKTOP\OTIBIA\OTSERV\VC10\RELEASE\GUILD.OBJ
C:\USERS\ZAWODOWIEC\DESKTOP\OTIBIA\OTSERV\VC10\RELEASE\IOACCOUNT.OBJ
C:\USERS\ZAWODOWIEC\DESKTOP\OTIBIA\OTSERV\VC10\RELEASE\ACTIONS.OBJ
C:\USERS\ZAWODOWIEC\DESKTOP\OTIBIA\OTSERV\VC10\RELEASE\CONTAINER.OBJ
C:\USERS\ZAWODOWIEC\DESKTOP\OTIBIA\OTSERV\VC10\RELEASE\EXCEPTION.OBJ
C:\USERS\ZAWODOWIEC\DESKTOP\OTIBIA\OTSERV\VC10\RELEASE\FILELOADER.OBJ
C:\Users\ZawodowieC\Desktop\oTibia\OTServ\vc10\Release\actions.obj
C:\Users\ZawodowieC\Desktop\oTibia\OTServ\vc10\Release\admin.obj
C:\Users\ZawodowieC\Desktop\oTibia\OTServ\vc10\Release\allocator.obj
C:\Users\ZawodowieC\Desktop\oTibia\OTServ\vc10\Release\ban.obj
C:\Users\ZawodowieC\Desktop\oTibia\OTServ\vc10\Release\baseevents.obj
C:\Users\ZawodowieC\Desktop\oTibia\OTServ\vc10\Release\beds.obj
C:\Users\ZawodowieC\Desktop\oTibia\OTServ\vc10\Release\chat.obj
C:\Users\ZawodowieC\Desktop\oTibia\OTServ\vc10\Release\combat.obj
C:\Users\ZawodowieC\Desktop\oTibia\OTServ\vc10\Release\condition.obj
C:\Users\ZawodowieC\Desktop\oTibia\OTServ\vc10\Release\configmanager.obj
C:\Users\ZawodowieC\Desktop\oTibia\OTServ\vc10\Release\connection.obj
C:\Users\ZawodowieC\Desktop\oTibia\OTServ\vc10\Release\container.obj
C:\Users\ZawodowieC\Desktop\oTibia\OTServ\vc10\Release\creature.obj
C:\Users\ZawodowieC\Desktop\oTibia\OTServ\vc10\Release\creatureevent.obj
C:\Users\ZawodowieC\Desktop\oTibia\OTServ\vc10\Release\cylinder.obj
C:\Users\ZawodowieC\Desktop\oTibia\OTServ\vc10\Release\database.obj
C:\Users\ZawodowieC\Desktop\oTibia\OTServ\vc10\Release\databasemysql.obj
C:\Users\ZawodowieC\Desktop\oTibia\OTServ\vc10\Release\databaseodbc.obj
C:\Users\ZawodowieC\Desktop\oTibia\OTServ\vc10\Release\databasepgsql.obj
C:\Users\ZawodowieC\Desktop\oTibia\OTServ\vc10\Release\databasesqlite.obj
C:\Users\ZawodowieC\Desktop\oTibia\OTServ\vc10\Release\depot.obj
C:\Users\ZawodowieC\Desktop\oTibia\OTServ\vc10\Release\exception.obj
C:\Users\ZawodowieC\Desktop\oTibia\OTServ\vc10\Release\fileloader.obj
C:\Users\ZawodowieC\Desktop\oTibia\OTServ\vc10\Release\globalevent.obj
C:\Users\ZawodowieC\Desktop\oTibia\OTServ\vc10\Release\guild.obj
C:\Users\ZawodowieC\Desktop\oTibia\OTServ\vc10\Release\house.obj
C:\Users\ZawodowieC\Desktop\oTibia\OTServ\vc10\Release\housetile.obj
C:\Users\ZawodowieC\Desktop\oTibia\OTServ\vc10\Release\ioaccount.obj
C:\Users\ZawodowieC\Desktop\oTibia\OTServ\vc10\Release\otpch.obj
C:\Users\ZawodowieC\Desktop\oTibia\OTServ\vc10\Release\CL.4064.read.1.tlog
C:\Users\ZawodowieC\Desktop\oTibia\OTServ\vc10\Release\CL.4064.write.1.tlog
C:\Users\ZawodowieC\Desktop\oTibia\OTServ\vc10\Release\CL.4124.read.1.tlog
C:\Users\ZawodowieC\Desktop\oTibia\OTServ\vc10\Release\CL.4124.write.1.tlog
C:\Users\ZawodowieC\Desktop\oTibia\OTServ\vc10\Release\CL.4220.read.1.tlog
C:\Users\ZawodowieC\Desktop\oTibia\OTServ\vc10\Release\CL.4220.write.1.tlog
C:\Users\ZawodowieC\Desktop\oTibia\OTServ\vc10\Release\CL.4964.read.1.tlog
C:\Users\ZawodowieC\Desktop\oTibia\OTServ\vc10\Release\CL.4964.write.1.tlog
C:\Users\ZawodowieC\Desktop\oTibia\OTServ\vc10\Release\CL.6840.read.1.tlog
C:\Users\ZawodowieC\Desktop\oTibia\OTServ\vc10\Release\CL.6840.write.1.tlog
C:\Users\ZawodowieC\Desktop\oTibia\OTServ\vc10\Release\CL.7996.read.1.tlog
C:\Users\ZawodowieC\Desktop\oTibia\OTServ\vc10\Release\CL.7996.write.1.tlog
C:\Users\ZawodowieC\Desktop\oTibia\OTServ\vc10\Release\CL.8000.read.1.tlog
C:\Users\ZawodowieC\Desktop\oTibia\OTServ\vc10\Release\CL.8000.write.1.tlog
C:\Users\ZawodowieC\Desktop\oTibia\OTServ\vc10\Release\CL.8116.read.1.tlog
C:\Users\ZawodowieC\Desktop\oTibia\OTServ\vc10\Release\CL.8116.write.1.tlog
C:\Users\ZawodowieC\Desktop\oTibia\OTServ\vc10\Release\cl.command.1.tlog
C:\Users\ZawodowieC\Desktop\oTibia\OTServ\vc10\Release\CL.read.1.tlog
C:\Users\ZawodowieC\Desktop\oTibia\OTServ\vc10\Release\CL.write.1.tlog
C:\Users\ZawodowieC\Desktop\oTibia\OTServ\vc10\Release\otserv.pch
C:\Users\ZawodowieC\Desktop\oTibia\OTServ\vc10\Release\vc110.pdb
